[2026-01-10T14:13:10.060Z] Error: Cannot find module 'node-fetch'
Require stack:
- I:\dispecerat\github_release\dss-edge\local-api\node_modules\digest-fetch\digest-fetch-src.js
- I:\dispecerat\github_release\dss-edge\local-api\routes\device_config.js
- I:\dispecerat\github_release\dss-edge\local-api\server.js
    at Module._resolveFilename (node:internal/modules/cjs/loader:1421:15)
    at defaultResolveImpl (node:internal/modules/cjs/loader:1059:19)
    at resolveForCJSWithHooks (node:internal/modules/cjs/loader:1064:22)
    at Module._load (node:internal/modules/cjs/loader:1227:37)
    at TracingChannel.traceSync (node:diagnostics_channel:328:14)
    at wrapModuleLoad (node:internal/modules/cjs/loader:245:24)
    at Module.require (node:internal/modules/cjs/loader:1504:12)
    at require (node:internal/modules/helpers:152:16)
    at Object.<anonymous> (I:\dispecerat\github_release\dss-edge\local-api\node_modules\digest-fetch\digest-fetch-src.js:8:61)
    at Module._compile (node:internal/modules/cjs/loader:1761:14)
[2026-01-10T14:16:24.074Z] Error: listen EADDRINUSE: address already in use :::8081
    at Server.setupListenHandle [as _listen2] (node:net:1940:16)
    at listenInCluster (node:net:1997:12)
    at Server.listen (node:net:2102:7)
    at new WebSocketServer (I:\dispecerat\github_release\dss-edge\local-api\node_modules\ws\lib\websocket-server.js:106:20)
    at Object.<anonymous> (I:\dispecerat\github_release\dss-edge\local-api\server.js:19:13)
    at Module._compile (node:internal/modules/cjs/loader:1761:14)
    at Object..js (node:internal/modules/cjs/loader:1893:10)
    at Module.load (node:internal/modules/cjs/loader:1481:32)
    at Module._load (node:internal/modules/cjs/loader:1300:12)
    at TracingChannel.traceSync (node:diagnostics_channel:328:14)
