[2026-01-22T16:01:43.573Z] Error: Cannot find module 'lowdb'
Require stack:
- I:\dispecerat\github_release\dss-edge\local-api\store\liveStore.js
- I:\dispecerat\github_release\dss-edge\local-api\controllers\liveController.js
- I:\dispecerat\github_release\dss-edge\local-api\routes\live.js
- I:\dispecerat\github_release\dss-edge\local-api\server.js
    at Module._resolveFilename (node:internal/modules/cjs/loader:1421:15)
    at defaultResolveImpl (node:internal/modules/cjs/loader:1059:19)
    at resolveForCJSWithHooks (node:internal/modules/cjs/loader:1064:22)
    at Module._load (node:internal/modules/cjs/loader:1227:37)
    at TracingChannel.traceSync (node:diagnostics_channel:328:14)
    at wrapModuleLoad (node:internal/modules/cjs/loader:245:24)
    at Module.require (node:internal/modules/cjs/loader:1504:12)
    at require (node:internal/modules/helpers:152:16)
    at Object.<anonymous> (I:\dispecerat\github_release\dss-edge\local-api\store\liveStore.js:5:27)
    at Module._compile (node:internal/modules/cjs/loader:1761:14)
[2026-01-22T16:03:19.554Z] TypeError: JSONFile is not a constructor
    at Object.<anonymous> (I:\dispecerat\github_release\dss-edge\local-api\store\liveStore.js:10:17)
    at Module._compile (node:internal/modules/cjs/loader:1761:14)
    at Object..js (node:internal/modules/cjs/loader:1893:10)
    at Module.load (node:internal/modules/cjs/loader:1481:32)
    at Module._load (node:internal/modules/cjs/loader:1300:12)
    at TracingChannel.traceSync (node:diagnostics_channel:328:14)
    at wrapModuleLoad (node:internal/modules/cjs/loader:245:24)
    at Module.require (node:internal/modules/cjs/loader:1504:12)
    at require (node:internal/modules/helpers:152:16)
    at Object.<anonymous> (I:\dispecerat\github_release\dss-edge\local-api\controllers\liveController.js:1:19)
[2026-01-22T16:04:52.044Z] MaxRetriesPerRequestError: Reached the max retries per request limit (which is 20). Refer to "maxRetriesPerRequest" option for details.
    at Socket.<anonymous> (I:\dispecerat\github_release\dss-edge\node_modules\ioredis\built\redis\event_handler.js:207:37)
    at Object.onceWrapper (node:events:623:26)
    at Socket.emit (node:events:508:28)
    at TCP.<anonymous> (node:net:346:12)
